<?xml version="1.0" encoding="UTF-8"?>
<testng-results skipped="0" failed="0" ignored="0" total="1" passed="1">
  <reporter-output>
  </reporter-output>
  <suite name="Default suite" duration-ms="2886" started-at="2021-02-10T23:26:56 EST" finished-at="2021-02-10T23:26:59 EST">
    <groups>
    </groups>
    <test name="Default test" duration-ms="2886" started-at="2021-02-10T23:26:56 EST" finished-at="2021-02-10T23:26:59 EST">
      <class name="SumValidation">
        <test-method status="PASS" signature="SumOfCourses()[pri:0, instance:SumValidation@3e57cd70]" name="SumOfCourses" duration-ms="2798" started-at="2021-02-10T23:26:56 EST" finished-at="2021-02-10T23:26:59 EST">
          <reporter-output>
          </reporter-output>
        </test-method> <!-- SumOfCourses -->
      </class> <!-- SumValidation -->
    </test> <!-- Default test -->
  </suite> <!-- Default suite -->
</testng-results>
